2025-04-04 12:47:27.241654 - Received CBT.V508.FILE618.PDS from FILE618.XMI 
2025-04-04 12:47:27.242962 - Found $$$#DATE.txt (text/plain) in CBT.V508.FILE618.PDS, moved to PDS/$$$#DATE
2025-04-04 12:47:27.243113 - Found $$$INDEX.txt (text/plain) in CBT.V508.FILE618.PDS, moved to PDS/$$$INDEX
2025-04-04 12:47:27.243291 - Found @FILE618.txt (text/plain) in CBT.V508.FILE618.PDS, moved to PDS/@FILE618
2025-04-04 12:47:27.243426 - Found ASMCOMP.jcl (text/plain) in CBT.V508.FILE618.PDS, moved to PDS/ASMCOMP
2025-04-04 12:47:27.243549 - Found COBCOMP.jcl (text/plain) in CBT.V508.FILE618.PDS, moved to PDS/COBCOMP
2025-04-04 12:47:27.243665 - Found CREASIM.jcl (text/plain) in CBT.V508.FILE618.PDS, moved to PDS/CREASIM
2025-04-04 12:47:27.243792 - Found DESCREAS.txt (text/plain) in CBT.V508.FILE618.PDS, moved to PDS/DESCREAS
2025-04-04 12:47:27.243910 - Found DESCRECB.txt (text/plain) in CBT.V508.FILE618.PDS, moved to PDS/DESCRECB
2025-04-04 12:47:27.244027 - Found DESRANAS.txt (text/plain) in CBT.V508.FILE618.PDS, moved to PDS/DESRANAS
2025-04-04 12:47:27.244139 - Found DESRANCB.txt (text/plain) in CBT.V508.FILE618.PDS, moved to PDS/DESRANCB
2025-04-04 12:47:27.244258 - Found RANDOMA.txt (text/plain) in CBT.V508.FILE618.PDS, moved to PDS/RANDOMA
2025-04-04 12:47:27.244373 - Found RANDOMC.txt (text/plain) in CBT.V508.FILE618.PDS, moved to PDS/RANDOMC
2025-04-04 12:47:27.244488 - Found RSACREA.txt (text/plain) in CBT.V508.FILE618.PDS, moved to PDS/RSACREA
2025-04-04 12:47:27.244632 - Found RSADSS1.txt (text/plain) in CBT.V508.FILE618.PDS, moved to PDS/RSADSS1
2025-04-04 12:47:27.244750 - Found RSADSS2.txt (text/plain) in CBT.V508.FILE618.PDS, moved to PDS/RSADSS2
2025-04-04 12:47:27.245004 - Found RSA11024.txt (text/plain) in CBT.V508.FILE618.PDS, moved to PDS/RSA11024
2025-04-04 12:47:27.245206 - Found RSA1512.txt (text/plain) in CBT.V508.FILE618.PDS, moved to PDS/RSA1512
2025-04-04 12:47:27.245353 - Found RSA21024.txt (text/plain) in CBT.V508.FILE618.PDS, moved to PDS/RSA21024
2025-04-04 12:47:27.245488 - Found RSA31024.txt (text/plain) in CBT.V508.FILE618.PDS, moved to PDS/RSA31024
2025-04-04 12:47:27.245615 - Found RSA41024.txt (text/plain) in CBT.V508.FILE618.PDS, moved to PDS/RSA41024
2025-04-04 12:47:27.245741 - Found RSA51024.txt (text/plain) in CBT.V508.FILE618.PDS, moved to PDS/RSA51024
2025-04-04 12:47:27.245860 - Found RSA61024.txt (text/plain) in CBT.V508.FILE618.PDS, moved to PDS/RSA61024
2025-04-04 12:47:27.245980 - Found RSA71024.txt (text/plain) in CBT.V508.FILE618.PDS, moved to PDS/RSA71024
2025-04-04 12:47:27.246110 - Found RSA81024.txt (text/plain) in CBT.V508.FILE618.PDS, moved to PDS/RSA81024
2025-04-04 12:47:27.246240 - Found RSA91024.txt (text/plain) in CBT.V508.FILE618.PDS, moved to PDS/RSA91024
2025-04-04 12:47:27.246378 - Found XEXEC.xmi (application/xmit) in CBT.V508.FILE618.PDS, moved to PDS/XEXEC.xmi
2025-04-04 12:47:27.386121 - Received SISTSO.SIST19.PCSF.EXEC from XEXEC.xmi 
2025-04-04 12:47:27.386936 - Found PCSF.rexx (text/plain) in SISTSO.SIST19.PCSF.EXEC, moved to XEXEC/PCSF
2025-04-04 12:47:27.387088 - Found PCSFCKDS.rexx (text/plain) in SISTSO.SIST19.PCSF.EXEC, moved to XEXEC/PCSFCKDS
2025-04-04 12:47:27.387228 - Found PCSFFIN.rexx (text/plain) in SISTSO.SIST19.PCSF.EXEC, moved to XEXEC/PCSFFIN
2025-04-04 12:47:27.387357 - Found PCSFPKDS.rexx (text/plain) in SISTSO.SIST19.PCSF.EXEC, moved to XEXEC/PCSFPKDS
2025-04-04 12:47:27.387482 - Found PCSF01.rexx (text/plain) in SISTSO.SIST19.PCSF.EXEC, moved to XEXEC/PCSF01
2025-04-04 12:47:27.387598 - Found PCSF02.rexx (text/plain) in SISTSO.SIST19.PCSF.EXEC, moved to XEXEC/PCSF02
2025-04-04 12:47:27.387715 - Found PCSF03.rexx (text/plain) in SISTSO.SIST19.PCSF.EXEC, moved to XEXEC/PCSF03
2025-04-04 12:47:27.387843 - Found PCSF04.rexx (text/plain) in SISTSO.SIST19.PCSF.EXEC, moved to XEXEC/PCSF04
2025-04-04 12:47:27.387958 - Found PCSF05.rexx (text/plain) in SISTSO.SIST19.PCSF.EXEC, moved to XEXEC/PCSF05
2025-04-04 12:47:27.388070 - Found PCSF06.rexx (text/plain) in SISTSO.SIST19.PCSF.EXEC, moved to XEXEC/PCSF06
2025-04-04 12:47:27.388183 - Found PCSF07.rexx (text/plain) in SISTSO.SIST19.PCSF.EXEC, moved to XEXEC/PCSF07
2025-04-04 12:47:27.388305 - Found PCSF08.rexx (text/plain) in SISTSO.SIST19.PCSF.EXEC, moved to XEXEC/PCSF08
2025-04-04 12:47:27.388965 - Found XMLIB.xmi (application/xmit) in CBT.V508.FILE618.PDS, moved to PDS/XMLIB.xmi
2025-04-04 12:47:27.399278 - Received SISTSO.PERGEN.MLIB from XMLIB.xmi 
2025-04-04 12:47:27.399673 - Found PCSFPH01.txt (text/plain) in SISTSO.PERGEN.MLIB, moved to XMLIB/PCSFPH01
2025-04-04 12:47:27.399996 - Found XPLIB.xmi (application/xmit) in CBT.V508.FILE618.PDS, moved to PDS/XPLIB.xmi
2025-04-04 12:47:27.616043 - Received SISTSO.PERGEN.PLIB from XPLIB.xmi 
2025-04-04 12:47:27.617263 - Found PCSFPH01.txt (text/plain) in SISTSO.PERGEN.PLIB, moved to XPLIB/PCSFPH01
2025-04-04 12:47:27.617410 - Found PCSFP00.txt (text/plain) in SISTSO.PERGEN.PLIB, moved to XPLIB/PCSFP00
2025-04-04 12:47:27.617548 - Found PCSFP01.txt (text/plain) in SISTSO.PERGEN.PLIB, moved to XPLIB/PCSFP01
2025-04-04 12:47:27.617675 - Found PCSFP02.txt (text/plain) in SISTSO.PERGEN.PLIB, moved to XPLIB/PCSFP02
2025-04-04 12:47:27.617796 - Found PCSFP03.txt (text/plain) in SISTSO.PERGEN.PLIB, moved to XPLIB/PCSFP03
2025-04-04 12:47:27.617915 - Found PCSFP04.txt (text/plain) in SISTSO.PERGEN.PLIB, moved to XPLIB/PCSFP04
2025-04-04 12:47:27.618046 - Found PCSFP05.txt (text/plain) in SISTSO.PERGEN.PLIB, moved to XPLIB/PCSFP05
2025-04-04 12:47:27.618165 - Found PCSFP06.txt (text/plain) in SISTSO.PERGEN.PLIB, moved to XPLIB/PCSFP06
2025-04-04 12:47:27.618276 - Found PCSFP07.txt (text/plain) in SISTSO.PERGEN.PLIB, moved to XPLIB/PCSFP07
2025-04-04 12:47:27.618386 - Found PCSFP08.txt (text/plain) in SISTSO.PERGEN.PLIB, moved to XPLIB/PCSFP08
2025-04-04 12:47:27.618504 - Found PCSFP09.txt (text/plain) in SISTSO.PERGEN.PLIB, moved to XPLIB/PCSFP09
2025-04-04 12:47:27.618631 - Found PCSFP10.txt (text/plain) in SISTSO.PERGEN.PLIB, moved to XPLIB/PCSFP10
2025-04-04 12:47:27.618747 - Found P000000.txt (text/plain) in SISTSO.PERGEN.PLIB, moved to XPLIB/P000000
2025-04-04 12:47:27.618856 - Found P000001.txt (text/plain) in SISTSO.PERGEN.PLIB, moved to XPLIB/P000001
2025-04-04 12:47:27.618973 - Found P000002.txt (text/plain) in SISTSO.PERGEN.PLIB, moved to XPLIB/P000002
2025-04-04 12:47:27.619100 - Found P000003.txt (text/plain) in SISTSO.PERGEN.PLIB, moved to XPLIB/P000003
2025-04-04 12:47:27.619289 - Found P000004.txt (text/plain) in SISTSO.PERGEN.PLIB, moved to XPLIB/P000004
2025-04-04 12:47:27.619434 - Found P000005.txt (text/plain) in SISTSO.PERGEN.PLIB, moved to XPLIB/P000005
2025-04-04 12:47:27.619562 - Found P000006.txt (text/plain) in SISTSO.PERGEN.PLIB, moved to XPLIB/P000006
2025-04-04 12:47:27.619698 - Found P000007.txt (text/plain) in SISTSO.PERGEN.PLIB, moved to XPLIB/P000007
2025-04-04 12:47:27.619823 - Found P000008.txt (text/plain) in SISTSO.PERGEN.PLIB, moved to XPLIB/P000008
2025-04-04 12:47:27.619956 - Found P000009.txt (text/plain) in SISTSO.PERGEN.PLIB, moved to XPLIB/P000009
2025-04-04 12:47:27.620099 - Found P000010.txt (text/plain) in SISTSO.PERGEN.PLIB, moved to XPLIB/P000010
2025-04-04 12:47:27.620214 - Found P000011.txt (text/plain) in SISTSO.PERGEN.PLIB, moved to XPLIB/P000011
2025-04-04 12:47:27.620329 - Found P000012.txt (text/plain) in SISTSO.PERGEN.PLIB, moved to XPLIB/P000012
2025-04-04 12:47:27.620441 - Found P000013.txt (text/plain) in SISTSO.PERGEN.PLIB, moved to XPLIB/P000013
2025-04-04 12:47:27.620566 - Found RECEIVE.rexx (text/plain) in SISTSO.PERGEN.PLIB, moved to XPLIB/RECEIVE
